<?xml version="1.0" encoding="UTF-8"?>
<!-- Generated by org.testng.reporters.JUnitReportReporter -->
<testsuite skipped="0" hostname="DESKTOP-Q1GEO8P" name="registerAccount.CreateAccount" tests="1" failures="0" timestamp="05 Jul 2019 19:49:40 GMT" time="11.617" errors="0">
  <testcase name="Validate_CreateAccount" time="11.617" classname="registerAccount.CreateAccount"/>
</testsuite> <!-- registerAccount.CreateAccount -->
