<?xml version="1.0" encoding="UTF-8"?>
<!-- Generated by org.testng.reporters.JUnitReportReporter -->
<testsuite skipped="0" hostname="DESKTOP-33D7QM7" name="bookFlights.Verify_FlightBooking_Functionality" tests="1" failures="0" timestamp="18 Nov 2019 01:06:26 GMT" time="78.138" errors="0">
  <testcase name="Validate_FlightBooking" time="78.138" classname="bookFlights.Verify_FlightBooking_Functionality"/>
</testsuite> <!-- bookFlights.Verify_FlightBooking_Functionality -->
